Starting deployment...
Pulling Docker image...
Docker image pulled successfully
Creating containers...
Running database migrations...
Waiting
Hello there
Welcome to server sent events demo
This is a prototype
Lorem ipsum dolor sit amet
Starting deployment...
Pulling Docker image...
Docker image pulled successfully
Creating containers...
Running database migrations...
Waiting
Hello there
Welcome to server sent events demo
This is a prototype
Lorem ipsum dolor sit amet
Lorem ipsum dolor sit amet
Ipsum dolor sit amet
Dolor sit amet
abcdefghijklmnop
abcdefghijklmnop
qwertyuiop
qwertyuiop
zxcvbnm
zxcvbnm
